c:\users\boxmo\onedrive - gmit\4thyearproject\fyp qt creator projects\2denviromentscanner_v1\ui_mainwindow.h
c:\users\boxmo\onedrive - gmit\4thyearproject\fyp qt creator projects\2denviromentscanner_v1\debug\moc_mainwindow.cpp
c:\users\boxmo\onedrive - gmit\4thyearproject\fyp qt creator projects\2denviromentscanner_v1\debug\moc_scanmaparea.cpp
c:\users\boxmo\onedrive - gmit\4thyearproject\fyp qt creator projects\2denviromentscanner_v1\win32\debug\scanmaparea.obj
c:\users\boxmo\onedrive - gmit\4thyearproject\fyp qt creator projects\2denviromentscanner_v1\win32\debug\main.obj
c:\users\boxmo\onedrive - gmit\4thyearproject\fyp qt creator projects\2denviromentscanner_v1\win32\debug\mainwindow.obj
c:\users\boxmo\onedrive - gmit\4thyearproject\fyp qt creator projects\2denviromentscanner_v1\win32\debug\vc142.pdb
c:\users\boxmo\onedrive - gmit\4thyearproject\fyp qt creator projects\2denviromentscanner_v1\win32\debug\moc_scanmaparea.obj
c:\users\boxmo\onedrive - gmit\4thyearproject\fyp qt creator projects\2denviromentscanner_v1\win32\debug\moc_mainwindow.obj
c:\users\boxmo\onedrive - gmit\4thyearproject\fyp qt creator projects\2denviromentscanner_v1\debug\moc_predefs.h
c:\users\boxmo\onedrive - gmit\4thyearproject\fyp qt creator projects\2denviromentscanner_v1\win32\debug\2denviromentscanner_v1.pdb
c:\users\boxmo\onedrive - gmit\4thyearproject\fyp qt creator projects\2denviromentscanner_v1\win32\debug\2denviro.75fd0ed6.tlog\2denviromentscanner_v1.write.1u.tlog
c:\users\boxmo\onedrive - gmit\4thyearproject\fyp qt creator projects\2denviromentscanner_v1\win32\debug\2denviro.75fd0ed6.tlog\cl.12916.write.1.tlog
c:\users\boxmo\onedrive - gmit\4thyearproject\fyp qt creator projects\2denviromentscanner_v1\win32\debug\2denviro.75fd0ed6.tlog\cl.command.1.tlog
c:\users\boxmo\onedrive - gmit\4thyearproject\fyp qt creator projects\2denviromentscanner_v1\win32\debug\2denviro.75fd0ed6.tlog\cl.read.1.tlog
c:\users\boxmo\onedrive - gmit\4thyearproject\fyp qt creator projects\2denviromentscanner_v1\win32\debug\2denviro.75fd0ed6.tlog\custombuild.command.1.tlog
c:\users\boxmo\onedrive - gmit\4thyearproject\fyp qt creator projects\2denviromentscanner_v1\win32\debug\2denviro.75fd0ed6.tlog\custombuild.read.1.tlog
c:\users\boxmo\onedrive - gmit\4thyearproject\fyp qt creator projects\2denviromentscanner_v1\win32\debug\2denviro.75fd0ed6.tlog\custombuild.write.1.tlog
c:\users\boxmo\onedrive - gmit\4thyearproject\fyp qt creator projects\2denviromentscanner_v1\win32\debug\2denviro.75fd0ed6.tlog\link-cvtres.read.1.tlog
c:\users\boxmo\onedrive - gmit\4thyearproject\fyp qt creator projects\2denviromentscanner_v1\win32\debug\2denviro.75fd0ed6.tlog\link-cvtres.write.1.tlog
c:\users\boxmo\onedrive - gmit\4thyearproject\fyp qt creator projects\2denviromentscanner_v1\win32\debug\2denviro.75fd0ed6.tlog\link-rc.read.1.tlog
c:\users\boxmo\onedrive - gmit\4thyearproject\fyp qt creator projects\2denviromentscanner_v1\win32\debug\2denviro.75fd0ed6.tlog\link-rc.write.1.tlog
c:\users\boxmo\onedrive - gmit\4thyearproject\fyp qt creator projects\2denviromentscanner_v1\win32\debug\2denviro.75fd0ed6.tlog\link.command.1.tlog
c:\users\boxmo\onedrive - gmit\4thyearproject\fyp qt creator projects\2denviromentscanner_v1\win32\debug\2denviro.75fd0ed6.tlog\link.delete.1.tlog
c:\users\boxmo\onedrive - gmit\4thyearproject\fyp qt creator projects\2denviromentscanner_v1\win32\debug\2denviro.75fd0ed6.tlog\link.read.1.tlog
c:\users\boxmo\onedrive - gmit\4thyearproject\fyp qt creator projects\2denviromentscanner_v1\win32\debug\2denviro.75fd0ed6.tlog\link.write.1.tlog
c:\users\boxmo\onedrive - gmit\4thyearproject\fyp qt creator projects\2denviromentscanner_v1\win32\debug\2denviro.75fd0ed6.tlog\moc.read.1u.tlog
c:\users\boxmo\onedrive - gmit\4thyearproject\fyp qt creator projects\2denviromentscanner_v1\win32\debug\2denviro.75fd0ed6.tlog\moc.write.1u.tlog
c:\users\boxmo\onedrive - gmit\4thyearproject\fyp qt creator projects\2denviromentscanner_v1\win32\debug\2denviro.75fd0ed6.tlog\uic.read.1u.tlog
c:\users\boxmo\onedrive - gmit\4thyearproject\fyp qt creator projects\2denviromentscanner_v1\win32\debug\2denviro.75fd0ed6.tlog\uic.write.1u.tlog
